<?xml version="1.0" encoding="UTF-8"?>
<!-- Generated by org.testng.reporters.JUnitReportReporter -->
<testsuite hostname="ANIMCHNLAP297s-MacBook-Pro.local" failures="0" tests="3" name="TestCases.Login_TestCase" time="7.119" errors="0" timestamp="2022-03-28T14:28:15 IST" skipped="0">
  <testcase classname="TestCases.Login_TestCase" name="validate_the_user_is_able_to_View_the_Menu_Options_on_Tap" time="0.011"/>
  <system-out/>
  <testcase classname="TestCases.Login_TestCase" name="validate_the_User_is_able_to_Login_to_an_existing_account" time="1.037"/>
  <system-out/>
  <testcase classname="TestCases.Login_TestCase" name="validate_the_User_is_able_to_View_the_Home_Page" time="6.071"/>
  <system-out/>
</testsuite> <!-- TestCases.Login_TestCase -->
