<?xml version="1.0" encoding="UTF-8"?>
<!-- Generated by org.testng.reporters.JUnitReportReporter -->
<testsuite hostname="ANIMCHNLAP297s-MacBook-Pro.local" failures="0" tests="4" name="TestCases.CreateProject_TestCase" time="0.718" errors="0" timestamp="2022-03-28T14:28:15 IST" skipped="0">
  <testcase classname="TestCases.CreateProject_TestCase" name="validate_the_user_is_able_to_Create_a_new_blank_Project" time="0.701"/>
  <system-out/>
  <testcase classname="TestCases.CreateProject_TestCase" name="validate_the_User_is_able_to_view_the_created_Projects_are_listed_for_an_Existing_User" time="0.007"/>
  <system-out/>
  <testcase classname="TestCases.CreateProject_TestCase" name="validate_the_User_is_able_to_Edit_the_Created_Project_FromDashboard" time="0.007"/>
  <system-out/>
  <testcase classname="TestCases.CreateProject_TestCase" name="validate_the_user_is_able_to_Create_a_new_Project_Template" time="0.003"/>
  <system-out/>
</testsuite> <!-- TestCases.CreateProject_TestCase -->
