<?xml version="1.0" encoding="UTF-8"?>
<!-- Generated by org.testng.reporters.JUnitReportReporter -->
<testsuite hostname="ANIMCHNLAP297s-MacBook-Pro.local" failures="0" tests="6" name="TestCases.Download_TestCase" time="6.273" errors="0" timestamp="2022-03-28T14:28:15 IST" skipped="0">
  <testcase classname="TestCases.Download_TestCase" name="Validate_Download_MultipleSlideDesign_AsJPG_InZIP" time="0.003"/>
  <system-out/>
  <testcase classname="TestCases.Download_TestCase" name="Validate_Download_DesignAs_PNG_TransparentBG" time="0.002"/>
  <system-out/>
  <testcase classname="TestCases.Download_TestCase" name="Validate_Download_MultipleSlideDesign_AsPNG_InZIP" time="0.012"/>
  <system-out/>
  <testcase classname="TestCases.Download_TestCase" name="Validate_Download_DesignAs_PDF" time="0.003"/>
  <system-out/>
  <testcase classname="TestCases.Download_TestCase" name="Validate_Download_DesignAsPNG" time="6.243"/>
  <system-out/>
  <testcase classname="TestCases.Download_TestCase" name="Validate_Download_DesignAs_JPG" time="0.010"/>
  <system-out/>
</testsuite> <!-- TestCases.Download_TestCase -->
