<?xml version="1.0" encoding="UTF-8"?>
<!-- Generated by org.testng.reporters.JUnitReportReporter -->
<testsuite hostname="ANIMCHNLAP297s-MacBook-Pro.local" failures="0" tests="2" name="TestCases.DashBoard_TestCase" time="0.013" errors="0" timestamp="2022-03-23T12:27:57 IST" skipped="0">
  <testcase classname="TestCases.DashBoard_TestCase" name="Validate_the_user_is_able_to_Create_a_new_Project_Blank" time="0.007"/>
  <system-out/>
  <testcase classname="TestCases.DashBoard_TestCase" name="Validate_the_Search_with_DropDown_AllOptions_DashboardPage" time="0.006"/>
  <system-out/>
</testsuite> <!-- TestCases.DashBoard_TestCase -->
